0 info it worked if it ends with ok
1 verbose cli [ 'C:\\Program Files\\nodejs\\node.exe',
1 verbose cli   'C:\\Program Files\\nodejs\\node_modules\\npm\\bin\\npm-cli.js',
1 verbose cli   'test',
1 verbose cli   'SelfFcfs.js' ]
2 info using npm@2.15.0
3 info using node@v4.4.2
4 verbose stack Error: ENOENT: no such file or directory, open 'C:\wamp\www\JobSimulator\js\algo\package.json'
4 verbose stack     at Error (native)
5 verbose cwd C:\wamp\www\JobSimulator\js\algo
6 error Windows_NT 6.1.7601
7 error argv "C:\\Program Files\\nodejs\\node.exe" "C:\\Program Files\\nodejs\\node_modules\\npm\\bin\\npm-cli.js" "test" "SelfFcfs.js"
8 error node v4.4.2
9 error npm  v2.15.0
10 error path C:\wamp\www\JobSimulator\js\algo\package.json
11 error code ENOENT
12 error errno -4058
13 error syscall open
14 error enoent ENOENT: no such file or directory, open 'C:\wamp\www\JobSimulator\js\algo\package.json'
14 error enoent This is most likely not a problem with npm itself
14 error enoent and is related to npm not being able to find a file.
15 verbose exit [ -4058, true ]
